[INFO] 22:14:00 ts-node-dev ver. 2.0.0 (using ts-node ver. 10.9.2, typescript ver. 5.9.3)
[32m[Nest] 17152  - [39m06/08/2026, 10:14:02 PM [32m    LOG[39m [38;5;3m[NestFactory] [39m[32mStarting Nest application...[39m
[32m[Nest] 17152  - [39m06/08/2026, 10:14:02 PM [32m    LOG[39m [38;5;3m[InstanceLoader] [39m[32mAppModule dependencies initialized[39m[38;5;3m +27ms[39m
[32m[Nest] 17152  - [39m06/08/2026, 10:14:02 PM [32m    LOG[39m [38;5;3m[InstanceLoader] [39m[32mPrismaModule dependencies initialized[39m[38;5;3m +1ms[39m
[32m[Nest] 17152  - [39m06/08/2026, 10:14:02 PM [32m    LOG[39m [38;5;3m[InstanceLoader] [39m[32mStorageModule dependencies initialized[39m[38;5;3m +1ms[39m
[32m[Nest] 17152  - [39m06/08/2026, 10:14:02 PM [32m    LOG[39m [38;5;3m[InstanceLoader] [39m[32mMailModule dependencies initialized[39m[38;5;3m +1ms[39m
[32m[Nest] 17152  - [39m06/08/2026, 10:14:02 PM [32m    LOG[39m [38;5;3m[InstanceLoader] [39m[32mArtistsModule dependencies initialized[39m[38;5;3m +1ms[39m
[32m[Nest] 17152  - [39m06/08/2026, 10:14:02 PM [32m    LOG[39m [38;5;3m[InstanceLoader] [39m[32mTestimonialsModule dependencies initialized[39m[38;5;3m +0ms[39m
[32m[Nest] 17152  - [39m06/08/2026, 10:14:02 PM [32m    LOG[39m [38;5;3m[InstanceLoader] [39m[32mArtworksModule dependencies initialized[39m[38;5;3m +1ms[39m
[32m[Nest] 17152  - [39m06/08/2026, 10:14:02 PM [32m    LOG[39m [38;5;3m[InstanceLoader] [39m[32mArtistSubmissionsModule dependencies initialized[39m[38;5;3m +0ms[39m
[32m[Nest] 17152  - [39m06/08/2026, 10:14:02 PM [32m    LOG[39m [38;5;3m[RoutesResolver] [39m[32mArtistsController {/artists}:[39m[38;5;3m +4ms[39m
[32m[Nest] 17152  - [39m06/08/2026, 10:14:02 PM [32m    LOG[39m [38;5;3m[RouterExplorer] [39m[32mMapped {/artists, GET} route[39m[38;5;3m +2ms[39m
[32m[Nest] 17152  - [39m06/08/2026, 10:14:02 PM [32m    LOG[39m [38;5;3m[RouterExplorer] [39m[32mMapped {/artists/:slug, GET} route[39m[38;5;3m +1ms[39m
[32m[Nest] 17152  - [39m06/08/2026, 10:14:02 PM [32m    LOG[39m [38;5;3m[RouterExplorer] [39m[32mMapped {/artists, POST} route[39m[38;5;3m +1ms[39m
[32m[Nest] 17152  - [39m06/08/2026, 10:14:02 PM [32m    LOG[39m [38;5;3m[RouterExplorer] [39m[32mMapped {/artists/:id, PATCH} route[39m[38;5;3m +0ms[39m
[32m[Nest] 17152  - [39m06/08/2026, 10:14:02 PM [32m    LOG[39m [38;5;3m[RoutesResolver] [39m[32mArtistSubmissionsController {/artist-submissions}:[39m[38;5;3m +0ms[39m
[32m[Nest] 17152  - [39m06/08/2026, 10:14:02 PM [32m    LOG[39m [38;5;3m[RouterExplorer] [39m[32mMapped {/artist-submissions, GET} route[39m[38;5;3m +1ms[39m
[32m[Nest] 17152  - [39m06/08/2026, 10:14:02 PM [32m    LOG[39m [38;5;3m[RouterExplorer] [39m[32mMapped {/artist-submissions, POST} route[39m[38;5;3m +1ms[39m
[32m[Nest] 17152  - [39m06/08/2026, 10:14:02 PM [32m    LOG[39m [38;5;3m[RoutesResolver] [39m[32mArtworksController {/artworks}:[39m[38;5;3m +0ms[39m
[32m[Nest] 17152  - [39m06/08/2026, 10:14:02 PM [32m    LOG[39m [38;5;3m[RouterExplorer] [39m[32mMapped {/artworks/upload-url, POST} route[39m[38;5;3m +0ms[39m
[32m[Nest] 17152  - [39m06/08/2026, 10:14:02 PM [32m    LOG[39m [38;5;3m[RouterExplorer] [39m[32mMapped {/artworks/upload, POST} route[39m[38;5;3m +1ms[39m
[32m[Nest] 17152  - [39m06/08/2026, 10:14:02 PM [32m    LOG[39m [38;5;3m[RouterExplorer] [39m[32mMapped {/artworks, POST} route[39m[38;5;3m +0ms[39m
[32m[Nest] 17152  - [39m06/08/2026, 10:14:02 PM [32m    LOG[39m [38;5;3m[RouterExplorer] [39m[32mMapped {/artworks/reorder, POST} route[39m[38;5;3m +1ms[39m
[32m[Nest] 17152  - [39m06/08/2026, 10:14:02 PM [32m    LOG[39m [38;5;3m[RoutesResolver] [39m[32mTestimonialsController {/testimonials}:[39m[38;5;3m +0ms[39m
[32m[Nest] 17152  - [39m06/08/2026, 10:14:02 PM [32m    LOG[39m [38;5;3m[RouterExplorer] [39m[32mMapped {/testimonials, GET} route[39m[38;5;3m +0ms[39m
[32m[Nest] 17152  - [39m06/08/2026, 10:14:02 PM [32m    LOG[39m [38;5;3m[NestApplication] [39m[32mNest application successfully started[39m[38;5;3m +61ms[39m
API listening on 0.0.0.0:4000
prisma:error 
Invalid `this.prisma.artist.findMany()` invocation in
c:\Users\djuro\OneDrive\Desktop\ArtBoardPlatforma\apps\api\src\modules\artists\artists.service.ts:89:26

  86 const pageSize = query.pageSize;
  87 
  88 const [items, total] = await this.prisma.$transaction([
→ 89   this.prisma.artist.findMany(

prisma:error 
Invalid `this.prisma.artist.count()` invocation in
c:\Users\djuro\OneDrive\Desktop\ArtBoardPlatforma\apps\api\src\modules\artists\artists.service.ts:98:26

  95   skip: (page - 1) * pageSize,
  96   take: pageSize,
  97 }),
→ 98 this.prisma.artist.count(

GET /artists?page=1&pageSize=1 200 125ms
prisma:error 
Invalid `this.prisma.artist.findMany()` invocation in
c:\Users\djuro\OneDrive\Desktop\ArtBoardPlatforma\apps\api\src\modules\artists\artists.service.ts:89:26

  86 const pageSize = query.pageSize;
  87 
  88 const [items, total] = await this.prisma.$transaction([
→ 89   this.prisma.artist.findMany(

prisma:error 
Invalid `this.prisma.artist.count()` invocation in
c:\Users\djuro\OneDrive\Desktop\ArtBoardPlatforma\apps\api\src\modules\artists\artists.service.ts:98:26

  95   skip: (page - 1) * pageSize,
  96   take: pageSize,
  97 }),
→ 98 this.prisma.artist.count(

GET /artists?page=1&pageSize=100&includeNsfw=true 200 25ms
prisma:error 
Invalid `this.prisma.artist.findMany()` invocation in
c:\Users\djuro\OneDrive\Desktop\ArtBoardPlatforma\apps\api\src\modules\artists\artists.service.ts:89:26

  86 const pageSize = query.pageSize;
  87 
  88 const [items, total] = await this.prisma.$transaction([
→ 89   this.prisma.artist.findMany(

prisma:error 
Invalid `this.prisma.artist.count()` invocation in
c:\Users\djuro\OneDrive\Desktop\ArtBoardPlatforma\apps\api\src\modules\artists\artists.service.ts:98:26

  95   skip: (page - 1) * pageSize,
  96   take: pageSize,
  97 }),
→ 98 this.prisma.artist.count(

GET /artists?page=1&pageSize=100&includeNsfw=true 200 11ms
prisma:error 
Invalid `this.prisma.artistSubmission.findMany()` invocation in
c:\Users\djuro\OneDrive\Desktop\ArtBoardPlatforma\apps\api\src\modules\artist-submissions\artist-submissions.service.ts:66:36

  63 const where = this.buildListWhere(query);
  64 
  65 const [items, total] = await this.prisma.$transaction([
→ 66   this.prisma.artistSubmission.findMany(

prisma:error 
Invalid `this.prisma.artistSubmission.count()` invocation in
c:\Users\djuro\OneDrive\Desktop\ArtBoardPlatforma\apps\api\src\modules\artist-submissions\artist-submissions.service.ts:80:36

  77   skip: (page - 1) * pageSize,
  78   take: pageSize,
  79 }),
→ 80 this.prisma.artistSubmission.count(

GET /artist-submissions?page=1&pageSize=24 200 14ms
GET /artists?page=1&pageSize=1 200 123ms
GET /artist-submissions?page=1&pageSize=24 200 50ms
[INFO] 22:26:10 Restarting: c:\Users\djuro\OneDrive\Desktop\ArtBoardPlatforma\apps\api\src\modules\artist-submissions\artist-submissions.dto.ts has been modified
[32m[Nest] 1488  - [39m06/08/2026, 10:26:11 PM [32m    LOG[39m [38;5;3m[NestFactory] [39m[32mStarting Nest application...[39m
[32m[Nest] 1488  - [39m06/08/2026, 10:26:11 PM [32m    LOG[39m [38;5;3m[InstanceLoader] [39m[32mAppModule dependencies initialized[39m[38;5;3m +26ms[39m
[32m[Nest] 1488  - [39m06/08/2026, 10:26:11 PM [32m    LOG[39m [38;5;3m[InstanceLoader] [39m[32mPrismaModule dependencies initialized[39m[38;5;3m +0ms[39m
[32m[Nest] 1488  - [39m06/08/2026, 10:26:11 PM [32m    LOG[39m [38;5;3m[InstanceLoader] [39m[32mStorageModule dependencies initialized[39m[38;5;3m +0ms[39m
[32m[Nest] 1488  - [39m06/08/2026, 10:26:11 PM [32m    LOG[39m [38;5;3m[InstanceLoader] [39m[32mMailModule dependencies initialized[39m[38;5;3m +1ms[39m
[32m[Nest] 1488  - [39m06/08/2026, 10:26:11 PM [32m    LOG[39m [38;5;3m[InstanceLoader] [39m[32mArtistsModule dependencies initialized[39m[38;5;3m +1ms[39m
[32m[Nest] 1488  - [39m06/08/2026, 10:26:11 PM [32m    LOG[39m [38;5;3m[InstanceLoader] [39m[32mTestimonialsModule dependencies initialized[39m[38;5;3m +0ms[39m
[32m[Nest] 1488  - [39m06/08/2026, 10:26:11 PM [32m    LOG[39m [38;5;3m[InstanceLoader] [39m[32mArtworksModule dependencies initialized[39m[38;5;3m +1ms[39m
[32m[Nest] 1488  - [39m06/08/2026, 10:26:11 PM [32m    LOG[39m [38;5;3m[InstanceLoader] [39m[32mArtistSubmissionsModule dependencies initialized[39m[38;5;3m +1ms[39m
[32m[Nest] 1488  - [39m06/08/2026, 10:26:11 PM [32m    LOG[39m [38;5;3m[RoutesResolver] [39m[32mArtistsController {/artists}:[39m[38;5;3m +4ms[39m
[32m[Nest] 1488  - [39m06/08/2026, 10:26:11 PM [32m    LOG[39m [38;5;3m[RouterExplorer] [39m[32mMapped {/artists, GET} route[39m[38;5;3m +3ms[39m
[32m[Nest] 1488  - [39m06/08/2026, 10:26:11 PM [32m    LOG[39m [38;5;3m[RouterExplorer] [39m[32mMapped {/artists/:slug, GET} route[39m[38;5;3m +1ms[39m
[32m[Nest] 1488  - [39m06/08/2026, 10:26:11 PM [32m    LOG[39m [38;5;3m[RouterExplorer] [39m[32mMapped {/artists, POST} route[39m[38;5;3m +1ms[39m
[32m[Nest] 1488  - [39m06/08/2026, 10:26:11 PM [32m    LOG[39m [38;5;3m[RouterExplorer] [39m[32mMapped {/artists/:id, PATCH} route[39m[38;5;3m +1ms[39m
[32m[Nest] 1488  - [39m06/08/2026, 10:26:11 PM [32m    LOG[39m [38;5;3m[RoutesResolver] [39m[32mArtistSubmissionsController {/artist-submissions}:[39m[38;5;3m +0ms[39m
[32m[Nest] 1488  - [39m06/08/2026, 10:26:11 PM [32m    LOG[39m [38;5;3m[RouterExplorer] [39m[32mMapped {/artist-submissions, GET} route[39m[38;5;3m +1ms[39m
[32m[Nest] 1488  - [39m06/08/2026, 10:26:11 PM [32m    LOG[39m [38;5;3m[RouterExplorer] [39m[32mMapped {/artist-submissions, POST} route[39m[38;5;3m +0ms[39m
[32m[Nest] 1488  - [39m06/08/2026, 10:26:11 PM [32m    LOG[39m [38;5;3m[RoutesResolver] [39m[32mArtworksController {/artworks}:[39m[38;5;3m +0ms[39m
[32m[Nest] 1488  - [39m06/08/2026, 10:26:11 PM [32m    LOG[39m [38;5;3m[RouterExplorer] [39m[32mMapped {/artworks/upload-url, POST} route[39m[38;5;3m +1ms[39m
[32m[Nest] 1488  - [39m06/08/2026, 10:26:11 PM [32m    LOG[39m [38;5;3m[RouterExplorer] [39m[32mMapped {/artworks/upload, POST} route[39m[38;5;3m +0ms[39m
[32m[Nest] 1488  - [39m06/08/2026, 10:26:11 PM [32m    LOG[39m [38;5;3m[RouterExplorer] [39m[32mMapped {/artworks, POST} route[39m[38;5;3m +1ms[39m
[32m[Nest] 1488  - [39m06/08/2026, 10:26:11 PM [32m    LOG[39m [38;5;3m[RouterExplorer] [39m[32mMapped {/artworks/reorder, POST} route[39m[38;5;3m +0ms[39m
[32m[Nest] 1488  - [39m06/08/2026, 10:26:11 PM [32m    LOG[39m [38;5;3m[RoutesResolver] [39m[32mTestimonialsController {/testimonials}:[39m[38;5;3m +0ms[39m
[32m[Nest] 1488  - [39m06/08/2026, 10:26:11 PM [32m    LOG[39m [38;5;3m[RouterExplorer] [39m[32mMapped {/testimonials, GET} route[39m[38;5;3m +1ms[39m
[32m[Nest] 1488  - [39m06/08/2026, 10:26:11 PM [32m    LOG[39m [38;5;3m[NestApplication] [39m[32mNest application successfully started[39m[38;5;3m +73ms[39m
API listening on 0.0.0.0:4000
[INFO] 22:26:32 Restarting: c:\Users\djuro\OneDrive\Desktop\ArtBoardPlatforma\apps\api\src\modules\artist-submissions\artist-submissions.controller.ts has been modified
[32m[Nest] 4956  - [39m06/08/2026, 10:26:33 PM [32m    LOG[39m [38;5;3m[NestFactory] [39m[32mStarting Nest application...[39m
[32m[Nest] 4956  - [39m06/08/2026, 10:26:33 PM [32m    LOG[39m [38;5;3m[InstanceLoader] [39m[32mAppModule dependencies initialized[39m[38;5;3m +21ms[39m
[32m[Nest] 4956  - [39m06/08/2026, 10:26:33 PM [32m    LOG[39m [38;5;3m[InstanceLoader] [39m[32mPrismaModule dependencies initialized[39m[38;5;3m +1ms[39m
[32m[Nest] 4956  - [39m06/08/2026, 10:26:33 PM [32m    LOG[39m [38;5;3m[InstanceLoader] [39m[32mStorageModule dependencies initialized[39m[38;5;3m +0ms[39m
[32m[Nest] 4956  - [39m06/08/2026, 10:26:33 PM [32m    LOG[39m [38;5;3m[InstanceLoader] [39m[32mMailModule dependencies initialized[39m[38;5;3m +1ms[39m
[32m[Nest] 4956  - [39m06/08/2026, 10:26:33 PM [32m    LOG[39m [38;5;3m[InstanceLoader] [39m[32mArtistsModule dependencies initialized[39m[38;5;3m +1ms[39m
[32m[Nest] 4956  - [39m06/08/2026, 10:26:33 PM [32m    LOG[39m [38;5;3m[InstanceLoader] [39m[32mTestimonialsModule dependencies initialized[39m[38;5;3m +1ms[39m
[32m[Nest] 4956  - [39m06/08/2026, 10:26:33 PM [32m    LOG[39m [38;5;3m[InstanceLoader] [39m[32mArtworksModule dependencies initialized[39m[38;5;3m +0ms[39m
[32m[Nest] 4956  - [39m06/08/2026, 10:26:33 PM [32m    LOG[39m [38;5;3m[InstanceLoader] [39m[32mArtistSubmissionsModule dependencies initialized[39m[38;5;3m +1ms[39m
[32m[Nest] 4956  - [39m06/08/2026, 10:26:33 PM [32m    LOG[39m [38;5;3m[RoutesResolver] [39m[32mArtistsController {/artists}:[39m[38;5;3m +5ms[39m
[32m[Nest] 4956  - [39m06/08/2026, 10:26:33 PM [32m    LOG[39m [38;5;3m[RouterExplorer] [39m[32mMapped {/artists, GET} route[39m[38;5;3m +2ms[39m
[32m[Nest] 4956  - [39m06/08/2026, 10:26:33 PM [32m    LOG[39m [38;5;3m[RouterExplorer] [39m[32mMapped {/artists/:slug, GET} route[39m[38;5;3m +2ms[39m
[32m[Nest] 4956  - [39m06/08/2026, 10:26:33 PM [32m    LOG[39m [38;5;3m[RouterExplorer] [39m[32mMapped {/artists, POST} route[39m[38;5;3m +1ms[39m
[32m[Nest] 4956  - [39m06/08/2026, 10:26:33 PM [32m    LOG[39m [38;5;3m[RouterExplorer] [39m[32mMapped {/artists/:id, PATCH} route[39m[38;5;3m +1ms[39m
[32m[Nest] 4956  - [39m06/08/2026, 10:26:33 PM [32m    LOG[39m [38;5;3m[RoutesResolver] [39m[32mArtistSubmissionsController {/artist-submissions}:[39m[38;5;3m +0ms[39m
[32m[Nest] 4956  - [39m06/08/2026, 10:26:33 PM [32m    LOG[39m [38;5;3m[RouterExplorer] [39m[32mMapped {/artist-submissions, GET} route[39m[38;5;3m +1ms[39m
[32m[Nest] 4956  - [39m06/08/2026, 10:26:33 PM [32m    LOG[39m [38;5;3m[RouterExplorer] [39m[32mMapped {/artist-submissions/:id, GET} route[39m[38;5;3m +0ms[39m
[32m[Nest] 4956  - [39m06/08/2026, 10:26:33 PM [32m    LOG[39m [38;5;3m[RouterExplorer] [39m[32mMapped {/artist-submissions, POST} route[39m[38;5;3m +1ms[39m
[32m[Nest] 4956  - [39m06/08/2026, 10:26:33 PM [32m    LOG[39m [38;5;3m[RouterExplorer] [39m[32mMapped {/artist-submissions/:id, PATCH} route[39m[38;5;3m +0ms[39m
[32m[Nest] 4956  - [39m06/08/2026, 10:26:33 PM [32m    LOG[39m [38;5;3m[RoutesResolver] [39m[32mArtworksController {/artworks}:[39m[38;5;3m +1ms[39m
[32m[Nest] 4956  - [39m06/08/2026, 10:26:33 PM [32m    LOG[39m [38;5;3m[RouterExplorer] [39m[32mMapped {/artworks/upload-url, POST} route[39m[38;5;3m +1ms[39m
[32m[Nest] 4956  - [39m06/08/2026, 10:26:33 PM [32m    LOG[39m [38;5;3m[RouterExplorer] [39m[32mMapped {/artworks/upload, POST} route[39m[38;5;3m +0ms[39m
[32m[Nest] 4956  - [39m06/08/2026, 10:26:33 PM [32m    LOG[39m [38;5;3m[RouterExplorer] [39m[32mMapped {/artworks, POST} route[39m[38;5;3m +1ms[39m
[32m[Nest] 4956  - [39m06/08/2026, 10:26:33 PM [32m    LOG[39m [38;5;3m[RouterExplorer] [39m[32mMapped {/artworks/reorder, POST} route[39m[38;5;3m +1ms[39m
[32m[Nest] 4956  - [39m06/08/2026, 10:26:33 PM [32m    LOG[39m [38;5;3m[RoutesResolver] [39m[32mTestimonialsController {/testimonials}:[39m[38;5;3m +0ms[39m
[32m[Nest] 4956  - [39m06/08/2026, 10:26:33 PM [32m    LOG[39m [38;5;3m[RouterExplorer] [39m[32mMapped {/testimonials, GET} route[39m[38;5;3m +1ms[39m
[32m[Nest] 4956  - [39m06/08/2026, 10:26:33 PM [32m    LOG[39m [38;5;3m[NestApplication] [39m[32mNest application successfully started[39m[38;5;3m +66ms[39m
API listening on 0.0.0.0:4000
[INFO] 22:27:07 Restarting: c:\Users\djuro\OneDrive\Desktop\ArtBoardPlatforma\apps\api\src\modules\artist-submissions\artist-submissions.service.ts has been modified
[32m[Nest] 3680  - [39m06/08/2026, 10:27:09 PM [32m    LOG[39m [38;5;3m[NestFactory] [39m[32mStarting Nest application...[39m
[32m[Nest] 3680  - [39m06/08/2026, 10:27:09 PM [32m    LOG[39m [38;5;3m[InstanceLoader] [39m[32mAppModule dependencies initialized[39m[38;5;3m +21ms[39m
[32m[Nest] 3680  - [39m06/08/2026, 10:27:09 PM [32m    LOG[39m [38;5;3m[InstanceLoader] [39m[32mPrismaModule dependencies initialized[39m[38;5;3m +0ms[39m
[32m[Nest] 3680  - [39m06/08/2026, 10:27:09 PM [32m    LOG[39m [38;5;3m[InstanceLoader] [39m[32mStorageModule dependencies initialized[39m[38;5;3m +1ms[39m
[32m[Nest] 3680  - [39m06/08/2026, 10:27:09 PM [32m    LOG[39m [38;5;3m[InstanceLoader] [39m[32mMailModule dependencies initialized[39m[38;5;3m +0ms[39m
[32m[Nest] 3680  - [39m06/08/2026, 10:27:09 PM [32m    LOG[39m [38;5;3m[InstanceLoader] [39m[32mArtistsModule dependencies initialized[39m[38;5;3m +2ms[39m
[32m[Nest] 3680  - [39m06/08/2026, 10:27:09 PM [32m    LOG[39m [38;5;3m[InstanceLoader] [39m[32mTestimonialsModule dependencies initialized[39m[38;5;3m +1ms[39m
[32m[Nest] 3680  - [39m06/08/2026, 10:27:09 PM [32m    LOG[39m [38;5;3m[InstanceLoader] [39m[32mArtworksModule dependencies initialized[39m[38;5;3m +0ms[39m
[32m[Nest] 3680  - [39m06/08/2026, 10:27:09 PM [32m    LOG[39m [38;5;3m[InstanceLoader] [39m[32mArtistSubmissionsModule dependencies initialized[39m[38;5;3m +0ms[39m
[32m[Nest] 3680  - [39m06/08/2026, 10:27:09 PM [32m    LOG[39m [38;5;3m[RoutesResolver] [39m[32mArtistsController {/artists}:[39m[38;5;3m +4ms[39m
[32m[Nest] 3680  - [39m06/08/2026, 10:27:09 PM [32m    LOG[39m [38;5;3m[RouterExplorer] [39m[32mMapped {/artists, GET} route[39m[38;5;3m +3ms[39m
[32m[Nest] 3680  - [39m06/08/2026, 10:27:09 PM [32m    LOG[39m [38;5;3m[RouterExplorer] [39m[32mMapped {/artists/:slug, GET} route[39m[38;5;3m +1ms[39m
[32m[Nest] 3680  - [39m06/08/2026, 10:27:09 PM [32m    LOG[39m [38;5;3m[RouterExplorer] [39m[32mMapped {/artists, POST} route[39m[38;5;3m +0ms[39m
[32m[Nest] 3680  - [39m06/08/2026, 10:27:09 PM [32m    LOG[39m [38;5;3m[RouterExplorer] [39m[32mMapped {/artists/:id, PATCH} route[39m[38;5;3m +1ms[39m
[32m[Nest] 3680  - [39m06/08/2026, 10:27:09 PM [32m    LOG[39m [38;5;3m[RoutesResolver] [39m[32mArtistSubmissionsController {/artist-submissions}:[39m[38;5;3m +0ms[39m
[32m[Nest] 3680  - [39m06/08/2026, 10:27:09 PM [32m    LOG[39m [38;5;3m[RouterExplorer] [39m[32mMapped {/artist-submissions, GET} route[39m[38;5;3m +0ms[39m
[32m[Nest] 3680  - [39m06/08/2026, 10:27:09 PM [32m    LOG[39m [38;5;3m[RouterExplorer] [39m[32mMapped {/artist-submissions/:id, GET} route[39m[38;5;3m +1ms[39m
[32m[Nest] 3680  - [39m06/08/2026, 10:27:09 PM [32m    LOG[39m [38;5;3m[RouterExplorer] [39m[32mMapped {/artist-submissions, POST} route[39m[38;5;3m +0ms[39m
[32m[Nest] 3680  - [39m06/08/2026, 10:27:09 PM [32m    LOG[39m [38;5;3m[RouterExplorer] [39m[32mMapped {/artist-submissions/:id, PATCH} route[39m[38;5;3m +0ms[39m
[32m[Nest] 3680  - [39m06/08/2026, 10:27:09 PM [32m    LOG[39m [38;5;3m[RoutesResolver] [39m[32mArtworksController {/artworks}:[39m[38;5;3m +0ms[39m
[32m[Nest] 3680  - [39m06/08/2026, 10:27:09 PM [32m    LOG[39m [38;5;3m[RouterExplorer] [39m[32mMapped {/artworks/upload-url, POST} route[39m[38;5;3m +1ms[39m
[32m[Nest] 3680  - [39m06/08/2026, 10:27:09 PM [32m    LOG[39m [38;5;3m[RouterExplorer] [39m[32mMapped {/artworks/upload, POST} route[39m[38;5;3m +0ms[39m
[32m[Nest] 3680  - [39m06/08/2026, 10:27:09 PM [32m    LOG[39m [38;5;3m[RouterExplorer] [39m[32mMapped {/artworks, POST} route[39m[38;5;3m +1ms[39m
[32m[Nest] 3680  - [39m06/08/2026, 10:27:09 PM [32m    LOG[39m [38;5;3m[RouterExplorer] [39m[32mMapped {/artworks/reorder, POST} route[39m[38;5;3m +0ms[39m
[32m[Nest] 3680  - [39m06/08/2026, 10:27:09 PM [32m    LOG[39m [38;5;3m[RoutesResolver] [39m[32mTestimonialsController {/testimonials}:[39m[38;5;3m +0ms[39m
[32m[Nest] 3680  - [39m06/08/2026, 10:27:09 PM [32m    LOG[39m [38;5;3m[RouterExplorer] [39m[32mMapped {/testimonials, GET} route[39m[38;5;3m +1ms[39m
[32m[Nest] 3680  - [39m06/08/2026, 10:27:09 PM [32m    LOG[39m [38;5;3m[NestApplication] [39m[32mNest application successfully started[39m[38;5;3m +51ms[39m
API listening on 0.0.0.0:4000
GET /artist-submissions?page=1&pageSize=24 200 129ms
GET /artist-submissions?page=1&pageSize=1 200 32ms
GET /artist-submissions/8c682f2f-f5d8-475f-b554-e53a0aace02b 200 25ms
GET /artist-submissions?page=1&pageSize=24 200 17ms
GET /artist-submissions?page=1&pageSize=24 200 35ms
GET /artists?page=1&pageSize=100&includeNsfw=true 200 84ms
GET /artist-submissions/8c682f2f-f5d8-475f-b554-e53a0aace02b 200 98ms
GET /artist-submissions?page=1&pageSize=24 200 39ms
GET /artist-submissions/5e76fd66-bba9-4cbf-b22c-d7739b511d41 200 34ms
GET /artists?page=1&pageSize=100&includeNsfw=true 200 61ms
PATCH /artist-submissions/5e76fd66-bba9-4cbf-b22c-d7739b511d41 200 138ms
GET /artist-submissions?page=1&pageSize=24 200 18ms
GET /artists?page=1&pageSize=100&onlyWithArtworks=true 200 65ms
GET /artist-submissions?page=1&pageSize=24 200 38ms
GET /artist-submissions/8c682f2f-f5d8-475f-b554-e53a0aace02b 200 29ms
GET /artists?page=1&pageSize=100&includeNsfw=true 200 48ms
[INFO] 22:43:11 Restarting: c:\Users\djuro\OneDrive\Desktop\ArtBoardPlatforma\apps\api\src\mail\resend-mail.service.ts has been modified
[32m[Nest] 3336  - [39m06/08/2026, 10:43:12 PM [32m    LOG[39m [38;5;3m[NestFactory] [39m[32mStarting Nest application...[39m
[32m[Nest] 3336  - [39m06/08/2026, 10:43:13 PM [32m    LOG[39m [38;5;3m[InstanceLoader] [39m[32mAppModule dependencies initialized[39m[38;5;3m +25ms[39m
[32m[Nest] 3336  - [39m06/08/2026, 10:43:13 PM [32m    LOG[39m [38;5;3m[InstanceLoader] [39m[32mPrismaModule dependencies initialized[39m[38;5;3m +0ms[39m
[32m[Nest] 3336  - [39m06/08/2026, 10:43:13 PM [32m    LOG[39m [38;5;3m[InstanceLoader] [39m[32mStorageModule dependencies initialized[39m[38;5;3m +1ms[39m
[32m[Nest] 3336  - [39m06/08/2026, 10:43:13 PM [32m    LOG[39m [38;5;3m[InstanceLoader] [39m[32mMailModule dependencies initialized[39m[38;5;3m +0ms[39m
[32m[Nest] 3336  - [39m06/08/2026, 10:43:13 PM [32m    LOG[39m [38;5;3m[InstanceLoader] [39m[32mArtistsModule dependencies initialized[39m[38;5;3m +1ms[39m
[32m[Nest] 3336  - [39m06/08/2026, 10:43:13 PM [32m    LOG[39m [38;5;3m[InstanceLoader] [39m[32mTestimonialsModule dependencies initialized[39m[38;5;3m +1ms[39m
[32m[Nest] 3336  - [39m06/08/2026, 10:43:13 PM [32m    LOG[39m [38;5;3m[InstanceLoader] [39m[32mArtworksModule dependencies initialized[39m[38;5;3m +0ms[39m
[32m[Nest] 3336  - [39m06/08/2026, 10:43:13 PM [32m    LOG[39m [38;5;3m[InstanceLoader] [39m[32mArtistSubmissionsModule dependencies initialized[39m[38;5;3m +0ms[39m
[32m[Nest] 3336  - [39m06/08/2026, 10:43:13 PM [32m    LOG[39m [38;5;3m[RoutesResolver] [39m[32mArtistsController {/artists}:[39m[38;5;3m +6ms[39m
[32m[Nest] 3336  - [39m06/08/2026, 10:43:13 PM [32m    LOG[39m [38;5;3m[RouterExplorer] [39m[32mMapped {/artists, GET} route[39m[38;5;3m +2ms[39m
[32m[Nest] 3336  - [39m06/08/2026, 10:43:13 PM [32m    LOG[39m [38;5;3m[RouterExplorer] [39m[32mMapped {/artists/:slug, GET} route[39m[38;5;3m +1ms[39m
[32m[Nest] 3336  - [39m06/08/2026, 10:43:13 PM [32m    LOG[39m [38;5;3m[RouterExplorer] [39m[32mMapped {/artists, POST} route[39m[38;5;3m +1ms[39m
[32m[Nest] 3336  - [39m06/08/2026, 10:43:13 PM [32m    LOG[39m [38;5;3m[RouterExplorer] [39m[32mMapped {/artists/:id, PATCH} route[39m[38;5;3m +1ms[39m
[32m[Nest] 3336  - [39m06/08/2026, 10:43:13 PM [32m    LOG[39m [38;5;3m[RoutesResolver] [39m[32mArtistSubmissionsController {/artist-submissions}:[39m[38;5;3m +0ms[39m
[32m[Nest] 3336  - [39m06/08/2026, 10:43:13 PM [32m    LOG[39m [38;5;3m[RouterExplorer] [39m[32mMapped {/artist-submissions, GET} route[39m[38;5;3m +1ms[39m
[32m[Nest] 3336  - [39m06/08/2026, 10:43:13 PM [32m    LOG[39m [38;5;3m[RouterExplorer] [39m[32mMapped {/artist-submissions/:id, GET} route[39m[38;5;3m +1ms[39m
[32m[Nest] 3336  - [39m06/08/2026, 10:43:13 PM [32m    LOG[39m [38;5;3m[RouterExplorer] [39m[32mMapped {/artist-submissions, POST} route[39m[38;5;3m +0ms[39m
[32m[Nest] 3336  - [39m06/08/2026, 10:43:13 PM [32m    LOG[39m [38;5;3m[RouterExplorer] [39m[32mMapped {/artist-submissions/:id, PATCH} route[39m[38;5;3m +1ms[39m
[32m[Nest] 3336  - [39m06/08/2026, 10:43:13 PM [32m    LOG[39m [38;5;3m[RoutesResolver] [39m[32mArtworksController {/artworks}:[39m[38;5;3m +0ms[39m
[32m[Nest] 3336  - [39m06/08/2026, 10:43:13 PM [32m    LOG[39m [38;5;3m[RouterExplorer] [39m[32mMapped {/artworks/upload-url, POST} route[39m[38;5;3m +1ms[39m
[32m[Nest] 3336  - [39m06/08/2026, 10:43:13 PM [32m    LOG[39m [38;5;3m[RouterExplorer] [39m[32mMapped {/artworks/upload, POST} route[39m[38;5;3m +0ms[39m
[32m[Nest] 3336  - [39m06/08/2026, 10:43:13 PM [32m    LOG[39m [38;5;3m[RouterExplorer] [39m[32mMapped {/artworks, POST} route[39m[38;5;3m +0ms[39m
[32m[Nest] 3336  - [39m06/08/2026, 10:43:13 PM [32m    LOG[39m [38;5;3m[RouterExplorer] [39m[32mMapped {/artworks/reorder, POST} route[39m[38;5;3m +1ms[39m
[32m[Nest] 3336  - [39m06/08/2026, 10:43:13 PM [32m    LOG[39m [38;5;3m[RoutesResolver] [39m[32mTestimonialsController {/testimonials}:[39m[38;5;3m +0ms[39m
[32m[Nest] 3336  - [39m06/08/2026, 10:43:13 PM [32m    LOG[39m [38;5;3m[RouterExplorer] [39m[32mMapped {/testimonials, GET} route[39m[38;5;3m +1ms[39m
[32m[Nest] 3336  - [39m06/08/2026, 10:43:13 PM [32m    LOG[39m [38;5;3m[NestApplication] [39m[32mNest application successfully started[39m[38;5;3m +52ms[39m
API listening on 0.0.0.0:4000
GET /artists?page=1&pageSize=100&includeNsfw=true 200 225ms
POST /artist-submissions 201 52ms
POST /artist-submissions 201 4754ms
POST /artist-submissions 201 4284ms
POST /artist-submissions 201 3729ms
POST /artist-submissions 201 3554ms
[INFO] 23:01:15 Restarting: c:\Users\djuro\OneDrive\Desktop\ArtBoardPlatforma\apps\api\src\mail\resend-mail.service.ts has been modified
[32m[Nest] 8168  - [39m06/08/2026, 11:01:16 PM [32m    LOG[39m [38;5;3m[NestFactory] [39m[32mStarting Nest application...[39m
[32m[Nest] 8168  - [39m06/08/2026, 11:01:16 PM [32m    LOG[39m [38;5;3m[InstanceLoader] [39m[32mAppModule dependencies initialized[39m[38;5;3m +33ms[39m
[32m[Nest] 8168  - [39m06/08/2026, 11:01:16 PM [32m    LOG[39m [38;5;3m[InstanceLoader] [39m[32mPrismaModule dependencies initialized[39m[38;5;3m +1ms[39m
[32m[Nest] 8168  - [39m06/08/2026, 11:01:16 PM [32m    LOG[39m [38;5;3m[InstanceLoader] [39m[32mStorageModule dependencies initialized[39m[38;5;3m +0ms[39m
[32m[Nest] 8168  - [39m06/08/2026, 11:01:16 PM [32m    LOG[39m [38;5;3m[InstanceLoader] [39m[32mMailModule dependencies initialized[39m[38;5;3m +1ms[39m
[32m[Nest] 8168  - [39m06/08/2026, 11:01:16 PM [32m    LOG[39m [38;5;3m[InstanceLoader] [39m[32mArtistsModule dependencies initialized[39m[38;5;3m +1ms[39m
[32m[Nest] 8168  - [39m06/08/2026, 11:01:16 PM [32m    LOG[39m [38;5;3m[InstanceLoader] [39m[32mTestimonialsModule dependencies initialized[39m[38;5;3m +1ms[39m
[32m[Nest] 8168  - [39m06/08/2026, 11:01:16 PM [32m    LOG[39m [38;5;3m[InstanceLoader] [39m[32mArtworksModule dependencies initialized[39m[38;5;3m +1ms[39m
[32m[Nest] 8168  - [39m06/08/2026, 11:01:16 PM [32m    LOG[39m [38;5;3m[InstanceLoader] [39m[32mArtistSubmissionsModule dependencies initialized[39m[38;5;3m +1ms[39m
[32m[Nest] 8168  - [39m06/08/2026, 11:01:16 PM [32m    LOG[39m [38;5;3m[RoutesResolver] [39m[32mArtistsController {/artists}:[39m[38;5;3m +4ms[39m
[32m[Nest] 8168  - [39m06/08/2026, 11:01:16 PM [32m    LOG[39m [38;5;3m[RouterExplorer] [39m[32mMapped {/artists, GET} route[39m[38;5;3m +5ms[39m
[32m[Nest] 8168  - [39m06/08/2026, 11:01:16 PM [32m    LOG[39m [38;5;3m[RouterExplorer] [39m[32mMapped {/artists/:slug, GET} route[39m[38;5;3m +1ms[39m
[32m[Nest] 8168  - [39m06/08/2026, 11:01:16 PM [32m    LOG[39m [38;5;3m[RouterExplorer] [39m[32mMapped {/artists, POST} route[39m[38;5;3m +1ms[39m
[32m[Nest] 8168  - [39m06/08/2026, 11:01:16 PM [32m    LOG[39m [38;5;3m[RouterExplorer] [39m[32mMapped {/artists/:id, PATCH} route[39m[38;5;3m +1ms[39m
[32m[Nest] 8168  - [39m06/08/2026, 11:01:16 PM [32m    LOG[39m [38;5;3m[RoutesResolver] [39m[32mArtistSubmissionsController {/artist-submissions}:[39m[38;5;3m +1ms[39m
[32m[Nest] 8168  - [39m06/08/2026, 11:01:16 PM [32m    LOG[39m [38;5;3m[RouterExplorer] [39m[32mMapped {/artist-submissions, GET} route[39m[38;5;3m +0ms[39m
[32m[Nest] 8168  - [39m06/08/2026, 11:01:16 PM [32m    LOG[39m [38;5;3m[RouterExplorer] [39m[32mMapped {/artist-submissions/:id, GET} route[39m[38;5;3m +1ms[39m
[32m[Nest] 8168  - [39m06/08/2026, 11:01:16 PM [32m    LOG[39m [38;5;3m[RouterExplorer] [39m[32mMapped {/artist-submissions, POST} route[39m[38;5;3m +1ms[39m
[32m[Nest] 8168  - [39m06/08/2026, 11:01:16 PM [32m    LOG[39m [38;5;3m[RouterExplorer] [39m[32mMapped {/artist-submissions/:id, PATCH} route[39m[38;5;3m +1ms[39m
[32m[Nest] 8168  - [39m06/08/2026, 11:01:16 PM [32m    LOG[39m [38;5;3m[RoutesResolver] [39m[32mArtworksController {/artworks}:[39m[38;5;3m +0ms[39m
[32m[Nest] 8168  - [39m06/08/2026, 11:01:16 PM [32m    LOG[39m [38;5;3m[RouterExplorer] [39m[32mMapped {/artworks/upload-url, POST} route[39m[38;5;3m +1ms[39m
[32m[Nest] 8168  - [39m06/08/2026, 11:01:16 PM [32m    LOG[39m [38;5;3m[RouterExplorer] [39m[32mMapped {/artworks/upload, POST} route[39m[38;5;3m +1ms[39m
[32m[Nest] 8168  - [39m06/08/2026, 11:01:16 PM [32m    LOG[39m [38;5;3m[RouterExplorer] [39m[32mMapped {/artworks, POST} route[39m[38;5;3m +0ms[39m
[32m[Nest] 8168  - [39m06/08/2026, 11:01:16 PM [32m    LOG[39m [38;5;3m[RouterExplorer] [39m[32mMapped {/artworks/reorder, POST} route[39m[38;5;3m +1ms[39m
[32m[Nest] 8168  - [39m06/08/2026, 11:01:16 PM [32m    LOG[39m [38;5;3m[RoutesResolver] [39m[32mTestimonialsController {/testimonials}:[39m[38;5;3m +0ms[39m
[32m[Nest] 8168  - [39m06/08/2026, 11:01:16 PM [32m    LOG[39m [38;5;3m[RouterExplorer] [39m[32mMapped {/testimonials, GET} route[39m[38;5;3m +0ms[39m
[32m[Nest] 8168  - [39m06/08/2026, 11:01:16 PM [32m    LOG[39m [38;5;3m[NestApplication] [39m[32mNest application successfully started[39m[38;5;3m +72ms[39m
[ERROR] 23:01:16 Error: listen EADDRINUSE: address already in use 0.0.0.0:4000
