
> @artboard/web@0.1.0 dev
> dotenv -e ../../.env -- next dev --port 3000 --webpack

▲ Next.js 16.2.6 (webpack)
- Local:         http://localhost:3000
- Network:       http://192.168.1.110:3000
✓ Ready in 689ms

○ Compiling /admin/admissions ...
 GET /login 200 in 5.0s (next.js: 4.3s, application-code: 699ms)
 GET /admin/admissions 500 in 4.7s (next.js: 4.6s, application-code: 121ms)
 GET /login 200 in 313ms (next.js: 76ms, application-code: 237ms)
 GET /admin/admissions 307 in 117ms (next.js: 15ms, application-code: 102ms)
 GET /admin/admissions 307 in 272ms (next.js: 115ms, application-code: 157ms)
 GET /login 200 in 67ms (next.js: 10ms, application-code: 57ms)
 GET /admin/admissions 200 in 135ms (next.js: 4ms, application-code: 131ms)
 GET / 200 in 2.2s (next.js: 1805ms, application-code: 349ms)
 GET /prijava 200 in 1767ms (next.js: 1342ms, application-code: 426ms)
 GET / 200 in 158ms (next.js: 19ms, application-code: 139ms)
 GET /admin/admissions 307 in 1620ms (next.js: 1205ms, application-code: 415ms)
 GET /login 200 in 1440ms (next.js: 1314ms, application-code: 126ms)
 GET /admin/admissions 200 in 221ms (next.js: 30ms, application-code: 191ms)
 POST /login 303 in 462ms (next.js: 8ms, application-code: 454ms)
  └─ ƒ loginAdminAction({"error":null}, {}) in 147ms ..//app/login/actions.ts
 GET /admin/admissions 200 in 236ms (next.js: 8ms, application-code: 227ms)
 GET /login 200 in 86ms (next.js: 5ms, application-code: 82ms)
 POST /admin/admissions 303 in 123ms (next.js: 7ms, application-code: 116ms)
  └─ ƒ logoutAdminAction() in 6ms ..//app/login/actions.ts
 GET / 200 in 146ms (next.js: 14ms, application-code: 132ms)
 GET / 200 in 122ms (next.js: 3ms, application-code: 119ms)
 GET / 200 in 114ms (next.js: 2ms, application-code: 112ms)
 GET / 200 in 24ms (next.js: 2ms, application-code: 21ms)
 GET / 200 in 102ms (next.js: 63ms, application-code: 39ms)
 GET / 200 in 24ms (next.js: 1856µs, application-code: 22ms)
 GET / 200 in 78ms (next.js: 2ms, application-code: 76ms)
 GET / 200 in 21ms (next.js: 2ms, application-code: 19ms)
 GET / 200 in 75ms (next.js: 1876µs, application-code: 73ms)
 GET / 200 in 39ms (next.js: 3ms, application-code: 36ms)
 GET / 200 in 91ms (next.js: 2ms, application-code: 88ms)
 GET / 200 in 24ms (next.js: 1964µs, application-code: 22ms)
 GET / 200 in 47ms (next.js: 3ms, application-code: 45ms)
 GET / 200 in 38ms (next.js: 3ms, application-code: 35ms)
 GET / 200 in 180ms (next.js: 2ms, application-code: 178ms)
 GET / 200 in 101ms (next.js: 63ms, application-code: 38ms)
 GET / 200 in 214ms (next.js: 2ms, application-code: 212ms)
 GET / 200 in 106ms (next.js: 61ms, application-code: 45ms)
 GET / 200 in 104ms (next.js: 4ms, application-code: 100ms)
 GET / 200 in 123ms (next.js: 46ms, application-code: 77ms)
 GET / 200 in 41ms (next.js: 4ms, application-code: 37ms)
 GET / 200 in 93ms (next.js: 2ms, application-code: 91ms)
 GET /artist/login 200 in 777ms (next.js: 670ms, application-code: 107ms)
 GET /artist/setup-password?token=manual-artist-setup-token-2026 200 in 1152ms (next.js: 983ms, application-code: 169ms)
 GET / 200 in 75ms (next.js: 10ms, application-code: 65ms)
 GET /artist/login 200 in 584ms (next.js: 487ms, application-code: 96ms)
 GET / 200 in 183ms (next.js: 29ms, application-code: 154ms)
 GET /prijava 200 in 287ms (next.js: 31ms, application-code: 257ms)
 GET /prijava 200 in 251ms (next.js: 6ms, application-code: 245ms)
 GET /admin/admissions 307 in 363ms (next.js: 27ms, application-code: 336ms)
 GET /login 200 in 159ms (next.js: 23ms, application-code: 136ms)
 GET /admin/admissions 200 in 183ms (next.js: 6ms, application-code: 177ms)
 POST /login 303 in 399ms (next.js: 5ms, application-code: 394ms)
  └─ ƒ loginAdminAction({"error":null}, {}) in 140ms ..//app/login/actions.ts
 GET /admin/admissions/37a0b41d-252f-4a3a-abf9-368da88d05f1 200 in 4.0s (next.js: 3.6s, application-code: 403ms)
 GET /admin/admissions/37a0b41d-252f-4a3a-abf9-368da88d05f1 200 in 410ms (next.js: 42ms, application-code: 369ms)
 GET /admin/admissions/37a0b41d-252f-4a3a-abf9-368da88d05f1 200 in 149ms (next.js: 8ms, application-code: 141ms)
 GET /admin/admissions/37a0b41d-252f-4a3a-abf9-368da88d05f1 200 in 246ms (next.js: 111ms, application-code: 135ms)
 PATCH /api/admin/submissions/37a0b41d-252f-4a3a-abf9-368da88d05f1 400 in 2.1s (next.js: 2.1s, application-code: 90ms)
 PATCH /api/admin/submissions/37a0b41d-252f-4a3a-abf9-368da88d05f1 200 in 903ms (next.js: 22ms, application-code: 881ms)
 GET / 200 in 297ms (next.js: 27ms, application-code: 270ms)
 GET /admin/admissions 200 in 176ms (next.js: 36ms, application-code: 140ms)
 GET /artists 200 in 2.6s (next.js: 2.3s, application-code: 285ms)
 GET /admin/admissions 200 in 1450ms (next.js: 25ms, application-code: 1425ms)
 GET /artists 200 in 1500ms (next.js: 8ms, application-code: 1492ms)
 GET /artists 200 in 297ms (next.js: 107ms, application-code: 190ms)
 GET /artists 200 in 171ms (next.js: 28ms, application-code: 143ms)
 GET /artist/login 200 in 2.7s (next.js: 1831ms, application-code: 830ms)
 GET /artists 200 in 408ms (next.js: 15ms, application-code: 394ms)
 POST /artist/login 200 in 124ms (next.js: 9ms, application-code: 115ms)
  └─ ƒ loginArtistAction({"error":null}, {}) in 38ms ..//app/artist/login/actions.ts
 GET /artist/login 200 in 125ms (next.js: 81ms, application-code: 45ms)
 GET /artist/login 200 in 82ms (next.js: 36ms, application-code: 45ms)
 GET /artist/login 200 in 86ms (next.js: 39ms, application-code: 47ms)
 GET /artist/login 200 in 28ms (next.js: 3ms, application-code: 25ms)
 GET /artist/login 200 in 275ms (next.js: 12ms, application-code: 263ms)
 POST /artist/login 200 in 102ms (next.js: 8ms, application-code: 94ms)
  └─ ƒ loginArtistAction({"error":null}, {}) in 39ms ..//app/artist/login/actions.ts
 GET /artist/login 200 in 182ms (next.js: 74ms, application-code: 108ms)
 GET /artist/login 200 in 66ms (next.js: 33ms, application-code: 34ms)
 GET /artist/login 500 in 3.0s (next.js: 3.0s, application-code: 35ms)
 GET /artist/login 500 in 15ms (next.js: 5ms, application-code: 10ms)
○ Compiling /_error ...
 GET /artist/login 200 in 572ms (next.js: 394ms, application-code: 178ms)
 GET /artist/login 200 in 116ms (next.js: 65ms, application-code: 51ms)
 GET /artist/login 200 in 109ms (next.js: 4ms, application-code: 105ms)
 GET /artist/login 200 in 27ms (next.js: 3ms, application-code: 25ms)
 GET /artist/login 200 in 32ms (next.js: 3ms, application-code: 29ms)
[?25h
