Error: spawn EPERM
    at ChildProcess.spawn (node:internal/child_process:420:11)
    at spawn (node:child_process:786:9)
    at fork (node:child_process:174:10)
    at C:\Users\djuro\OneDrive\Desktop\ArtBoardPlatforma\node_modules\next\dist\cli\next-dev.js:253:45
    at new Promise (<anonymous>)
    at startServer (C:\Users\djuro\OneDrive\Desktop\ArtBoardPlatforma\node_modules\next\dist\cli\next-dev.js:221:16)
    at runDevServer (C:\Users\djuro\OneDrive\Desktop\ArtBoardPlatforma\node_modules\next\dist\cli\next-dev.js:355:23)
    at Module.nextDev (C:\Users\djuro\OneDrive\Desktop\ArtBoardPlatforma\node_modules\next\dist\cli\next-dev.js:363:11) {
  errno: -4048,
  code: 'EPERM',
  syscall: 'spawn'
}
npm error Lifecycle script `dev` failed with error:
npm error code 1
npm error path C:\Users\djuro\OneDrive\Desktop\ArtBoardPlatforma\apps\web
npm error workspace @artboard/web@0.1.0
npm error location C:\Users\djuro\OneDrive\Desktop\ArtBoardPlatforma\apps\web
npm error command failed
npm error command C:\WINDOWS\system32\cmd.exe /d /s /c dotenv -e ../../.env -- next dev --port 3000 --webpack
