⨯ Error: A "use server" file can only export async functions, found object.
Read more: https://nextjs.org/docs/messages/invalid-use-server-value
    at ensureServerEntryExports (..\..\..\..\..\src\build\webpack\loaders\next-flight-loader\action-validate.ts:8:13)
    at eval (webpack-internal:///(rsc)/./app/login/actions.ts:55:91)
    at <unknown> (rsc)/./app/login/actions.ts (C:\Users\djuro\OneDrive\Desktop\ArtBoardPlatforma\apps\web\.next\dev\server\app\admin\admissions\page.js:138:1)
    at eval (webpack-internal:///(rsc)/./app/admin/layout.tsx:7:76)
    at <unknown> (rsc)/./app/admin/layout.tsx (C:\Users\djuro\OneDrive\Desktop\ArtBoardPlatforma\apps\web\.next\dev\server\app\admin\admissions\page.js:105:1)
   6 |     const action = actions[i]
   7 |     if (typeof action !== 'function') {
>  8 |       throw new Error(
     |             ^
   9 |         `A "use server" file can only export async functions, found ${typeof action}.\nRea...
  10 |       )
  11 |     }
⨯ Error: A "use server" file can only export async functions, found object.
Read more: https://nextjs.org/docs/messages/invalid-use-server-value
    at ensureServerEntryExports (..\..\..\..\..\src\build\webpack\loaders\next-flight-loader\action-validate.ts:8:13)
    at eval (webpack-internal:///(rsc)/./app/login/actions.ts:55:91)
    at <unknown> (rsc)/./app/login/actions.ts (C:\Users\djuro\OneDrive\Desktop\ArtBoardPlatforma\apps\web\.next\dev\server\app\admin\admissions\page.js:138:1)
    at eval (webpack-internal:///(rsc)/./app/admin/layout.tsx:7:76)
    at <unknown> (rsc)/./app/admin/layout.tsx (C:\Users\djuro\OneDrive\Desktop\ArtBoardPlatforma\apps\web\.next\dev\server\app\admin\admissions\page.js:105:1)
   6 |     const action = actions[i]
   7 |     if (typeof action !== 'function') {
>  8 |       throw new Error(
     |             ^
   9 |         `A "use server" file can only export async functions, found ${typeof action}.\nRea...
  10 |       )
  11 |     } {
  page: '/admin/admissions'
}
⚠ ./components/admin-login-form.tsx
Attempted import error: 'initialLoginFormState' is not exported from '@/app/login/actions' (imported as 'initialLoginFormState').

Import trace for requested module:
./components/admin-login-form.tsx

./components/admin-login-form.tsx
Attempted import error: 'initialLoginFormState' is not exported from '@/app/login/actions' (imported as 'initialLoginFormState').

Import trace for requested module:
./components/admin-login-form.tsx
⨯ ./app/login/page.tsx
Module parse failed: Identifier 'AdminLoginForm' has already been declared (4:9)
| import { redirect } from "next/navigation";
| import { AdminLoginForm } from "@/components/admin-login-form";
> import { AdminLoginForm } from "@/components/admin-login-form";
| import { getAdminSessionUser } from "@/lib/admin-session";
| export default async function LoginPage() {

Import trace for requested module:
./app/login/page.tsx
⨯ ./app/login/page.tsx
Module parse failed: Identifier 'AdminLoginForm' has already been declared (4:9)
| import { redirect } from "next/navigation";
| import { AdminLoginForm } from "@/components/admin-login-form";
> import { AdminLoginForm } from "@/components/admin-login-form";
| import { getAdminSessionUser } from "@/lib/admin-session";
| export default async function LoginPage() {

Import trace for requested module:
./app/login/page.tsx
[browser] Uncaught ModuleParseError: Module parse failed: Identifier 'AdminLoginForm' has already been declared (4:9)
File was processed with these loaders:
 * ../../node_modules/next/dist/build/webpack/loaders/next-flight-loader/index.js
 * ../../node_modules/next/dist/build/webpack/loaders/next-swc-loader.js
You may need an additional loader to handle the result of these loaders.
| import { redirect } from "next/navigation";
| import { AdminLoginForm } from "@/components/admin-login-form";
> import { AdminLoginForm } from "@/components/admin-login-form";
| import { getAdminSessionUser } from "@/lib/admin-session";
| export default async function LoginPage() {
    at <unknown> (File was processed with these loaders:)
    at <unknown> (File was processed with these loaders:)
⚠ Fast Refresh had to perform a full reload. Read more: https://nextjs.org/docs/messages/fast-refresh-reload
⚠ Fast Refresh had to perform a full reload. Read more: https://nextjs.org/docs/messages/fast-refresh-reload
npm error Lifecycle script `dev` failed with error:
npm error code 4294967295
npm error path C:\Users\djuro\OneDrive\Desktop\ArtBoardPlatforma\apps\web
npm error workspace @artboard/web@0.1.0
npm error location C:\Users\djuro\OneDrive\Desktop\ArtBoardPlatforma\apps\web
npm error command failed
npm error command C:\WINDOWS\system32\cmd.exe /d /s /c dotenv -e ../../.env -- next dev --port 3000 --webpack
